# JRE version: OpenJDK Runtime Environment (17.0.2+8) (build 17.0.2+8-86)
# Java VM: OpenJDK 64-Bit Server VM (17.0.2+8-86, mixed mode, sharing, tiered, compressed oops, compressed class ptrs, g1 gc, windows-amd64)
GC Precious Log:
 CPUs: 8 total, 8 available
 Memory: 16157M
 Large Page Support: Disabled
 NUMA Support: Disabled
 Compressed Oops: Enabled (Zero based)
 Heap Region Size: 2M
 Heap Min Capacity: 8M
 Heap Initial Capacity: 254M
 Heap Max Capacity: 4040M
 Pre-touch: Disabled
 Parallel Workers: 8
 Concurrent Workers: 2
 Concurrent Refinement Workers: 8
 Periodic GC: Disabled
Heap:
 garbage-first heap   total 49152K, used 23025K [0x0000000703800000, 0x0000000800000000)
  region size 2048K, 6 young (12288K), 1 survivors (2048K)
 Metaspace       used 30933K, committed 31424K, reserved 1081344K
  class space    used 3866K, committed 4096K, reserved 1048576K
GC Heap History (12 events):
Event: 4.336 GC heap before
{Heap before GC invocations=0 (full 0):
 garbage-first heap   total 260096K, used 20480K [0x0000000703800000, 0x0000000800000000)
  region size 2048K, 11 young (22528K), 0 survivors (0K)
 Metaspace       used 6125K, committed 6272K, reserved 1056768K
  class space    used 709K, committed 768K, reserved 1048576K
}
Event: 4.348 GC heap after
{Heap after GC invocations=1 (full 0):
 garbage-first heap   total 260096K, used 4528K [0x0000000703800000, 0x0000000800000000)
  region size 2048K, 2 young (4096K), 2 survivors (4096K)
 Metaspace       used 6125K, committed 6272K, reserved 1056768K
  class space    used 709K, committed 768K, reserved 1048576K
}
Event: 6.825 GC heap before
{Heap before GC invocations=1 (full 0):
 garbage-first heap   total 260096K, used 31152K [0x0000000703800000, 0x0000000800000000)
  region size 2048K, 16 young (32768K), 2 survivors (4096K)
 Metaspace       used 13242K, committed 13440K, reserved 1064960K
  class space    used 1613K, committed 1728K, reserved 1048576K
}
Event: 6.839 GC heap after
{Heap after GC invocations=2 (full 0):
 garbage-first heap   total 260096K, used 7068K [0x0000000703800000, 0x0000000800000000)
  region size 2048K, 2 young (4096K), 2 survivors (4096K)
 Metaspace       used 13242K, committed 13440K, reserved 1064960K
  class space    used 1613K, committed 1728K, reserved 1048576K
}
Event: 11.368 GC heap before
{Heap before GC invocations=2 (full 0):
 garbage-first heap   total 260096K, used 54172K [0x0000000703800000, 0x0000000800000000)
  region size 2048K, 26 young (53248K), 2 survivors (4096K)
 Metaspace       used 21151K, committed 21504K, reserved 1073152K
  class space    used 2674K, committed 2816K, reserved 1048576K
}
Event: 11.379 GC heap after
{Heap after GC invocations=3 (full 0):
 garbage-first heap   total 260096K, used 10327K [0x0000000703800000, 0x0000000800000000)
  region size 2048K, 3 young (6144K), 3 survivors (6144K)
 Metaspace       used 21151K, committed 21504K, reserved 1073152K
  class space    used 2674K, committed 2816K, reserved 1048576K
}
Event: 13.493 GC heap before
{Heap before GC invocations=4 (full 0):
 garbage-first heap   total 49152K, used 32855K [0x0000000703800000, 0x0000000800000000)
  region size 2048K, 14 young (28672K), 3 survivors (6144K)
 Metaspace       used 26438K, committed 26880K, reserved 1073152K
  class space    used 3287K, committed 3456K, reserved 1048576K
}
Event: 13.506 GC heap after
{Heap after GC invocations=5 (full 0):
 garbage-first heap   total 49152K, used 13042K [0x0000000703800000, 0x0000000800000000)
  region size 2048K, 2 young (4096K), 2 survivors (4096K)
 Metaspace       used 26438K, committed 26880K, reserved 1073152K
  class space    used 3287K, committed 3456K, reserved 1048576K
}
Event: 13.623 GC heap before
{Heap before GC invocations=5 (full 0):
 garbage-first heap   total 49152K, used 15090K [0x0000000703800000, 0x0000000800000000)
  region size 2048K, 3 young (6144K), 2 survivors (4096K)
 Metaspace       used 26724K, committed 27136K, reserved 1073152K
  class space    used 3327K, committed 3520K, reserved 1048576K
}
Event: 13.631 GC heap after
{Heap after GC invocations=6 (full 0):
 garbage-first heap   total 49152K, used 13523K [0x0000000703800000, 0x0000000800000000)
  region size 2048K, 1 young (2048K), 1 survivors (2048K)
 Metaspace       used 26724K, committed 27136K, reserved 1073152K
  class space    used 3327K, committed 3520K, reserved 1048576K
}
Event: 15.723 GC heap before
{Heap before GC invocations=6 (full 0):
 garbage-first heap   total 49152K, used 29907K [0x0000000703800000, 0x0000000800000000)
  region size 2048K, 9 young (18432K), 1 survivors (2048K)
 Metaspace       used 29457K, committed 29888K, reserved 1081344K
  class space    used 3688K, committed 3904K, reserved 1048576K
}
Event: 15.730 GC heap after
{Heap after GC invocations=7 (full 0):
 garbage-first heap   total 49152K, used 14833K [0x0000000703800000, 0x0000000800000000)
  region size 2048K, 1 young (2048K), 1 survivors (2048K)
 Metaspace       used 29457K, committed 29888K, reserved 1081344K
  class space    used 3688K, committed 3904K, reserved 1048576K
}

